# "PeakMem: cubedsphere-mc48.31517.log"
#Seconds:VmPeak:VmSize:VmHWM:VmRSS
0 1009052 1009052 1144 1144
1 1673760 1341192 983032 664524
2 1673760 1673476 1073136 1073136
3 1673760 1673476 1423340 1423340
4 1673760 1673476 1626600 1352172
5 2338776 2338776 2138152 2138152
6 2338776 2338776 2327776 2327776
7 7986384 7986384 3509536 3509536
8 7986384 7986384 5174560 5174560
9 7986384 7986384 6847776 6847776
10 8650664 8650664 8490960 8490960
11 9314936 9314936 9208488 9208488
12 9979208 9979208 9968220 9968220
13 9979208 8318524 9968220 8307540
14 9979208 8318524 9968220 8307540
15 9979208 8982800 9968220 8738772
16 9979208 9979208 9968220 9890232
17 9979208 9979208 9968224 9968224
18 9979208 8318524 9968224 8135936
19 9979208 8982800 9968224 8747692
20 9979208 9979208 9968224 9488824
21 9979208 9979208 9968224 9968224
22 9979208 8317648 9968224 8306540
23 9979208 8649788 9968224 8422020
24 9979208 9978332 9968224 9100752
25 9979208 9978332 9968224 9967224
26 9979208 8317648 9968224 7989528
27 9979208 8317648 9968224 8214808
28 9979208 9314060 9968224 9000644
29 9979208 9978332 9968224 9967224
30 9979208 8317648 9968224 8034584
31 9979208 8317648 9968224 8306540
32 9979208 7985072 9968224 7925240
33 9979208 8981480 9968224 8678520
34 9979208 8981480 9968224 8970372
35 9979208 1342344 9968224 1103972
36 9979208 3003692 9968224 1394228
37 9979208 2339268 9968224 1294212
38 9979208 2339268 9968224 2119908
39 9980052 9980052 9968224 3437412
40 9980052 9980052 9968224 5108580
41 9980052 9980052 9968224 6781796
42 9980052 9980052 9968224 8455012
43 10312264 10312264 10124704 10124704
44 11308892 11308892 11002988 11002988
45 12637724 12637724 11843956 11843956
46 12637724 12637724 12626628 12626628
47 12637724 12637724 12626628 12560004
48 12637724 10312264 12626628 10301168
49 12637724 10312264 12626628 10126752
50 12637724 10644476 12626628 10328328
51 12637724 11308892 12626628 11215980
52 12637724 12637724 12626628 12091764
53 12637724 12637724 12626628 12626628
54 12637724 9980052 12626628 9968956
55 12637724 10312264 12626628 10184100
56 12637724 10312264 12626628 10034596
57 12637724 10976684 12626628 10708080
58 12637724 11641100 12626628 11590452
59 12637724 12637724 12626632 12626632
60 12637724 12637724 12626632 12626632
61 12637724 10976688 12626632 10704388
62 12637724 10312264 12626632 10301172
63 12637724 10644476 12626632 10379536
64 12637724 11308892 12626632 10967740
65 12637724 12637724 12626632 12233084
66 12637724 12637724 12626636 12626636
67 12637724 10312228 12626636 10116484
68 12637724 10312264 12626636 10301176
69 12637724 10312264 12626636 10301176
70 12637724 10976684 12626636 10694924
71 12637724 12637724 12626636 11616636
72 12637724 12637724 12626636 12626636
73 12637724 12637724 12626636 12626636
74 12637724 10312264 12626636 10301180
75 12637724 10312264 12626636 10301180
76 12637724 10312192 12626636 10119908
77 12637724 11308816 12626636 10999692
78 12637724 12305440 12626636 12294356
79 12637724 12305440 12626636 12294356
